androidWiFiP2P/app/build/intermediates/manifest_merge_blame_file/debug/manifest-merger-blame-debug-report.txt
1<?xml version="1.0" encoding="utf-8"?>
2<manifest xmlns:android="http://schemas.android.com/apk/res/android"
3    package="com.example.androidwifip2p"
4    android:versionCode="1"
5    android:versionName="1.0" >
6
7    <uses-sdk
8        android:minSdkVersion="21"
8-->src\main\AndroidManifest.xml
9        android:targetSdkVersion="30" />
9-->src\main\AndroidManifest.xml
10
11    <uses-permission
11-->src\main\AndroidManifest.xml:5:5-7:65
12        android:name="android.permission.ACCESS_FINE_LOCATION"
12-->src\main\AndroidManifest.xml:7:9-63
13        android:required="true" />
13-->src\main\AndroidManifest.xml:6:9-32
14    <uses-permission
14-->src\main\AndroidManifest.xml:8:5-10:62
15        android:name="android.permission.ACCESS_WIFI_STATE"
15-->src\main\AndroidManifest.xml:10:9-60
16        android:required="true" />
16-->src\main\AndroidManifest.xml:9:9-32
17    <uses-permission
17-->src\main\AndroidManifest.xml:11:5-13:62
18        android:name="android.permission.CHANGE_WIFI_STATE"
18-->src\main\AndroidManifest.xml:13:9-60
19        android:required="true" />
19-->src\main\AndroidManifest.xml:12:9-32
20    <uses-permission
20-->src\main\AndroidManifest.xml:14:5-16:53
21        android:name="android.permission.INTERNET"
21-->src\main\AndroidManifest.xml:16:9-51
22        android:required="true" />
22-->src\main\AndroidManifest.xml:15:9-32
23    <uses-permission android:name="android.permission.ACCESS_NETWORK_STATE" />
23-->src\main\AndroidManifest.xml:17:5-79
23-->src\main\AndroidManifest.xml:17:22-76
24
25    <application
25-->src\main\AndroidManifest.xml:19:5-39:19
26        android:allowBackup="true"
26-->src\main\AndroidManifest.xml:20:9-35
27        android:appComponentFactory="androidx.core.app.CoreComponentFactory"
27-->[androidx.core:core:1.5.0] AndroidManifest.xml:24:18-86
28        android:debuggable="true"
29        android:fullBackupContent="@xml/backup_descriptor"
29-->src\main\AndroidManifest.xml:28:9-59
30        android:icon="@mipmap/ic_launcher"
30-->src\main\AndroidManifest.xml:21:9-43
31        android:label="@string/app_name"
31-->src\main\AndroidManifest.xml:22:9-41
32        android:roundIcon="@mipmap/ic_launcher_round"
32-->src\main\AndroidManifest.xml:23:9-54
33        android:supportsRtl="true"
33-->src\main\AndroidManifest.xml:24:9-35
34        android:testOnly="true"
35        android:theme="@style/AppTheme"
35-->src\main\AndroidManifest.xml:26:9-40
36        android:usesCleartextTraffic="true" >
36-->src\main\AndroidManifest.xml:25:9-44
37        <activity
37-->src\main\AndroidManifest.xml:29:9-38:20
38            android:name="com.example.androidwifip2p.MainActivity"
38-->src\main\AndroidManifest.xml:29:19-47
39            android:screenOrientation="portrait"
39-->src\main\AndroidManifest.xml:30:13-49
40            android:windowSoftInputMode="stateAlwaysHidden|adjustPan" >
40-->src\main\AndroidManifest.xml:31:13-70
41            <intent-filter>
41-->src\main\AndroidManifest.xml:33:13-37:29
42                <action android:name="android.intent.action.MAIN" />
42-->src\main\AndroidManifest.xml:34:17-69
42-->src\main\AndroidManifest.xml:34:25-66
43
44                <category android:name="android.intent.category.LAUNCHER" />
44-->src\main\AndroidManifest.xml:36:17-77
44-->src\main\AndroidManifest.xml:36:27-74
45            </intent-filter>
46        </activity>
47    </application>
48
49</manifest>